19:58:43.976 INFO  - Processing command line option -hwspec C:\tmp\MP-2\system\SDK\SDK_Export\hw\system.xml. 
19:59:05.998 INFO  - Restoring global repository preferences: 
		 C:\tmp\cpre488mp2\sw_pipeline\system_bsp\ps7_cortexa9_0 
20:00:16.136 INFO  - Saving repository preferences. 
20:00:16.136 INFO  - Reading in cores from local repositories: 
		 C:\tmp\MP-2\repository
		 C:\tmp\MP-2\repository\ProcessorIPLib 
20:00:16.146 INFO  - Updating libgen.options on all BSP projects. 
20:00:16.146 INFO  - Cleaning BSP projects in the workspace. 
20:00:39.136 INFO  - Saving repository preferences. 
20:01:01.544 INFO  - Settings changed on project standalone_bsp_0. Triggering a rebuild... 
20:15:01.813 ERROR - Unable to read in MSS file C:\tmp\MP-2\sw\hdmi_splitter_bsp\system.mss. 
20:15:05.499 INFO  - Project hdmi_splitter_bsp was a BSP project. Please update references. 
20:15:05.509 ERROR - SDK has detected that project hdmi_splitter_bsp has been deleted (or renamed).
If this project was a BSP referenced by other C/C++ applications, then those applications will fail to build now. Please right click on those applications and click 'Change Referenced BSP' to update those projects' BSP references. 
20:22:41.078 INFO  - Project system_hw_platform's source hardware specification located at C:\tmp\MP-2\system\SDK\SDK_Export\hw\system.xml is now different from the local copy.
		 The local copy will be replaced with the source specification and your workspace will be updated. 
20:23:03.809 INFO  - Copied contents of C:\tmp\MP-2\system\SDK\SDK_Export\hw\system.xml into \system_hw_platform\system.xml. 
20:23:03.829 INFO  - Copied contents of C:\tmp\MP-2\system\SDK\SDK_Export\hw\system.bit into \system_hw_platform\system.bit. 
20:23:03.829 INFO  - Copied contents of C:\tmp\MP-2\system\SDK\SDK_Export\hw\ps7_init.c into \system_hw_platform\ps7_init.c. 
20:23:03.839 INFO  - Copied contents of C:\tmp\MP-2\system\SDK\SDK_Export\hw\ps7_init.h into \system_hw_platform\ps7_init.h. 
20:23:03.859 INFO  - Copied contents of C:\tmp\MP-2\system\SDK\SDK_Export\hw\ps7_init.html into \system_hw_platform\ps7_init.html. 
20:23:03.869 INFO  - Copied contents of C:\tmp\MP-2\system\SDK\SDK_Export\hw\ps7_init.tcl into \system_hw_platform\ps7_init.tcl. 
20:23:04.029 INFO  - Synchronizing projects in the workspace with the hardware platform specification changes. 
20:23:05.689 INFO  - Updating hardware inferred compiler options for camera_split_app. 
20:23:05.689 INFO  - Clearing existing target manager status. 
20:23:06.921 INFO  - Closing and re-opening the MSS file of ther project standalone_bsp_0 
20:23:08.102 INFO  - Workspace synchronized with the new hardware specification file. Cleaning dependent projects... 
20:32:03.407 ERROR - Unexpected error while parsing XMD response ?: com.google.gson.JsonSyntaxException: com.google.gson.stream.MalformedJsonException: invalid number or unquoted string near  
20:32:06.613 INFO  - Processing command line option -hwspec C:\tmp\MP-2\system\SDK\SDK_Export\hw\system.xml. 
20:55:54.951 INFO  - FPGA configured successfully with bitstream "C:/tmp/MP-2/sw_thing/system_hw_platform/system.bit" 
20:56:09.365 INFO  - Processor reset is completed for ps7_cortexa9_0 
20:56:09.465 INFO  - PS initialization will be done as it is not done before. 
20:56:09.465 INFO  - Running PS initialization.... 
20:56:09.976 INFO  - ps7_init is completed. 
20:56:10.076 INFO  - ps7_post_config is completed. 
20:56:10.076 INFO  - PS Initialization is complete. 
20:58:54.866 INFO  - Processor reset is completed for ps7_cortexa9_0 
21:01:32.654 INFO  - ps7_cortexa9_0 Processor is in use. Please stop existing Run or Debug sessions before launching. 
21:01:34.606 INFO  - Processor reset is completed for ps7_cortexa9_0 
21:04:33.319 INFO  - Processor reset is completed for ps7_cortexa9_0 
21:08:56.623 INFO  - Processor reset is completed for ps7_cortexa9_0 
21:11:39.163 INFO  - ps7_cortexa9_0 Processor is in use. Please stop existing Run or Debug sessions before launching. 
21:11:41.228 INFO  - Processor reset is completed for ps7_cortexa9_0 
21:16:04.667 INFO  - Processor reset is completed for ps7_cortexa9_0 
21:18:37.865 INFO  - Processor reset is completed for ps7_cortexa9_0 
21:19:52.053 INFO  - FPGA configured successfully with bitstream "C:/tmp/MP-2/sw_thing/system_hw_platform/system.bit" 
21:19:56.693 INFO  - Processor reset is completed for ps7_cortexa9_0 
21:19:56.803 INFO  - PS initialization will be done as it is not done before. 
21:19:56.803 INFO  - Running PS initialization.... 
21:19:57.313 INFO  - ps7_init is completed. 
21:19:57.413 INFO  - ps7_post_config is completed. 
21:19:57.513 INFO  - PS Initialization is complete. 
21:22:23.323 INFO  - Restoring global repository preferences: 
		 C:\tmp\cpre488mp2\sw_pipeline\system_bsp\ps7_cortexa9_0 
21:22:23.343 INFO  - Restoring local repository preferences: 
		 C:\tmp\MP-2\repository
		 C:\tmp\MP-2\repository\ProcessorIPLib 
22:52:40.070 ERROR - Unexpected error while parsing XMD response ?: com.google.gson.JsonSyntaxException: com.google.gson.stream.MalformedJsonException: invalid number or unquoted string near  
